2026-03-04T09:37:06.529330618Z [inf]  Starting Container
2026-03-04T09:37:22.326262556Z [inf]  Error insertando datos semilla: A network-related or instance-specific error occurred while establishing a connection to SQL Server. The server was not found or was not accessible. Verify that the instance name is correct and that SQL Server is configured to allow remote connections. (provider: TCP Provider, error: 35 - An internal exception was caught)
2026-03-04T09:37:22.326267016Z [inf]  warn: Microsoft.AspNetCore.DataProtection.Repositories.FileSystemXmlRepository[60]
2026-03-04T09:37:22.326271358Z [inf]        Storing keys in a directory '/root/.aspnet/DataProtection-Keys' that may not be persisted outside of the container. Protected data will be unavailable when container is destroyed. For more information go to https://aka.ms/aspnet/dataprotectionwarning
2026-03-04T09:37:22.326275315Z [inf]  warn: Microsoft.AspNetCore.DataProtection.KeyManagement.XmlKeyManager[35]
2026-03-04T09:37:22.326279306Z [inf]        No XML encryptor configured. Key {ee1178b3-4173-4631-847a-41171ba20045} may be persisted to storage in unencrypted form.
2026-03-04T09:37:22.326283383Z [inf]  warn: Microsoft.AspNetCore.Hosting.Diagnostics[15]
2026-03-04T09:37:22.326287279Z [inf]        Overriding HTTP_PORTS '8080' and HTTPS_PORTS ''. Binding to values defined by URLS instead 'http://+:8080'.
2026-03-04T09:37:22.326292283Z [inf]  info: Microsoft.Hosting.Lifetime[14]
2026-03-04T09:37:22.326296196Z [inf]        Now listening on: http://[::]:8080
2026-03-04T09:37:22.326300191Z [inf]  info: Microsoft.Hosting.Lifetime[0]
2026-03-04T09:37:22.326305528Z [inf]        Application started. Press Ctrl+C to shut down.
2026-03-04T09:37:22.326309782Z [inf]  info: Microsoft.Hosting.Lifetime[0]
2026-03-04T09:37:22.326314156Z [inf]        Hosting environment: Production
2026-03-04T09:37:22.326318873Z [inf]  info: Microsoft.Hosting.Lifetime[0]
2026-03-04T09:37:22.326322675Z [inf]        Content root path: /app
2026-03-04T09:37:30.256545365Z [inf]  warn: Microsoft.AspNetCore.HttpsPolicy.HttpsRedirectionMiddleware[3]
2026-03-04T09:37:30.256551871Z [inf]        Failed to determine the https port for redirect.
2026-03-04T09:37:50.315536273Z [inf]           at Microsoft.Data.SqlClient.ManagedSni.SniTcpHandle..ctor(String serverName, Int32 port, TimeoutTimer timeout, Boolean parallel, SqlConnectionIPAddressPreference ipPreference, String cachedFQDN, SQLDNSInfo& pendingDNSInfo, Boolean tlsFirst, String hostNameInCertificate, String serverCertificateFilename)
2026-03-04T09:37:50.315546594Z [inf]           at Microsoft.Data.SqlClient.SqlInternalConnection.OnError(SqlException exception, Boolean breakConnection, Action`1 wrapCloseInAction)
2026-03-04T09:37:50.315553380Z [inf]           at Microsoft.Data.SqlClient.TdsParser.ThrowExceptionAndWarning(TdsParserStateObject stateObj, SqlCommand command, Boolean callerHasConnectionLock, Boolean asyncClose)
2026-03-04T09:37:50.315565059Z [inf]  fail: Microsoft.EntityFrameworkCore.Database.Connection[20004]
2026-03-04T09:37:50.315570458Z [inf]        An error occurred using the connection to database 'StockDB' on server 'server.railway.internal,1433'.
2026-03-04T09:37:50.315574940Z [inf]  fail: Microsoft.EntityFrameworkCore.Query[10100]
2026-03-04T09:37:50.315579740Z [inf]        An exception occurred while iterating over the results of a query for context type 'StockApi.Data.AppDbContext'.
2026-03-04T09:37:50.315586266Z [inf]        Microsoft.Data.SqlClient.SqlException (0x80131904): A network-related or instance-specific error occurred while establishing a connection to SQL Server. The server was not found or was not accessible. Verify that the instance name is correct and that SQL Server is configured to allow remote connections. (provider: TCP Provider, error: 35 - An internal exception was caught)
2026-03-04T09:37:50.315591330Z [inf]         ---> System.ComponentModel.Win32Exception (258): The connection attempt timed out.
2026-03-04T09:37:50.315598777Z [inf]           at Microsoft.Data.SqlClient.ManagedSni.SniTcpHandle.Connect(String serverName, Int32 port, TimeoutTimer timeout, SqlConnectionIPAddressPreference ipPreference, String cachedFQDN, SQLDNSInfo& pendingDNSInfo)
2026-03-04T09:37:50.316246542Z [inf]           at Microsoft.Data.SqlClient.TdsParser.Connect(ServerInfo serverInfo, SqlInternalConnectionTds connHandler, TimeoutTimer timeout, SqlConnectionString connectionOptions, Boolean withFailover)
2026-03-04T09:37:50.316251919Z [inf]           at Microsoft.Data.SqlClient.SqlInternalConnectionTds.AttemptOneLogin(ServerInfo serverInfo, String newPassword, SecureString newSecurePassword, TimeoutTimer timeout, Boolean withFailover)
2026-03-04T09:37:50.316256585Z [inf]           at Microsoft.Data.SqlClient.SqlInternalConnectionTds.LoginNoFailover(ServerInfo serverInfo, String newPassword, SecureString newSecurePassword, Boolean redirectedUserInstance, SqlConnectionString connectionOptions, SqlCredential credential, TimeoutTimer timeout)
2026-03-04T09:37:50.316261172Z [inf]           at Microsoft.Data.SqlClient.SqlInternalConnectionTds.OpenLoginEnlist(TimeoutTimer timeout, SqlConnectionString connectionOptions, SqlCredential credential, String newPassword, SecureString newSecurePassword, Boolean redirectedUserInstance)
2026-03-04T09:37:50.316266897Z [inf]           at Microsoft.Data.SqlClient.SqlInternalConnectionTds..ctor(DbConnectionPoolIdentity identity, SqlConnectionString connectionOptions, SqlCredential credential, Object providerInfo, String newPassword, SecureString newSecurePassword, Boolean redirectedUserInstance, SqlConnectionString userConnectionOptions, SessionData reconnectSessionData, Boolean applyTransientFaultHandling, String accessToken, IDbConnectionPool pool, Func`3 accessTokenCallback)
2026-03-04T09:37:50.316271639Z [inf]           at Microsoft.Data.SqlClient.SqlConnectionFactory.CreateConnection(DbConnectionOptions options, DbConnectionPoolKey poolKey, DbConnectionPoolGroupProviderInfo poolGroupProviderInfo, IDbConnectionPool pool, DbConnection owningConnection, DbConnectionOptions userOptions)
2026-03-04T09:37:50.316276034Z [inf]           at Microsoft.Data.ProviderBase.DbConnectionFactory.CreatePooledConnection(IDbConnectionPool pool, DbConnection owningObject, DbConnectionOptions options, DbConnectionPoolKey poolKey, DbConnectionOptions userOptions)
2026-03-04T09:37:50.317017891Z [inf]           at Microsoft.Data.SqlClient.ConnectionPool.WaitHandleDbConnectionPool.CreateObject(DbConnection owningObject, DbConnectionOptions userOptions, DbConnectionInternal oldConnection)
2026-03-04T09:37:50.317023650Z [inf]           at Microsoft.Data.SqlClient.ConnectionPool.WaitHandleDbConnectionPool.UserCreateRequest(DbConnection owningObject, DbConnectionOptions userOptions, DbConnectionInternal oldConnection)
2026-03-04T09:37:50.317028945Z [inf]           at Microsoft.Data.SqlClient.ConnectionPool.WaitHandleDbConnectionPool.TryGetConnection(DbConnection owningObject, UInt32 waitForMultipleObjectsTimeout, Boolean allowCreate, Boolean onlyOneCheckConnection, DbConnectionOptions userOptions, DbConnectionInternal& connection)
2026-03-04T09:37:50.317033041Z [inf]           at Microsoft.Data.SqlClient.ConnectionPool.WaitHandleDbConnectionPool.WaitForPendingOpen()
2026-03-04T09:37:50.317037464Z [inf]        --- End of stack trace from previous location ---
2026-03-04T09:37:50.317041895Z [inf]           at Microsoft.EntityFrameworkCore.Storage.RelationalConnection.OpenInternalAsync(Boolean errorsExpected, CancellationToken cancellationToken)
2026-03-04T09:37:50.317046456Z [inf]           at Microsoft.EntityFrameworkCore.Storage.RelationalConnection.OpenInternalAsync(Boolean errorsExpected, CancellationToken cancellationToken)
2026-03-04T09:37:50.317050670Z [inf]           at Microsoft.EntityFrameworkCore.Storage.RelationalConnection.OpenAsync(CancellationToken cancellationToken, Boolean errorsExpected)
2026-03-04T09:37:50.317055732Z [inf]           at Microsoft.EntityFrameworkCore.Storage.RelationalCommand.ExecuteReaderAsync(RelationalCommandParameterObject parameterObject, CancellationToken cancellationToken)
2026-03-04T09:37:50.317060354Z [inf]           at Microsoft.EntityFrameworkCore.Query.Internal.SingleQueryingEnumerable`1.AsyncEnumerator.InitializeReaderAsync(AsyncEnumerator enumerator, CancellationToken cancellationToken)
2026-03-04T09:37:50.317944837Z [inf]           at Microsoft.EntityFrameworkCore.SqlServer.Storage.Internal.SqlServerExecutionStrategy.ExecuteAsync[TState,TResult](TState state, Func`4 operation, Func`4 verifySucceeded, CancellationToken cancellationToken)
2026-03-04T09:37:50.317956457Z [inf]           at Microsoft.EntityFrameworkCore.Query.Internal.SingleQueryingEnumerable`1.AsyncEnumerator.MoveNextAsync()
2026-03-04T09:37:50.317962787Z [inf]        ClientConnectionId:00000000-0000-0000-0000-000000000000
2026-03-04T09:37:50.317969585Z [inf]        Error Number:258,State:0,Class:20
2026-03-04T09:37:50.317974813Z [inf]        Microsoft.Data.SqlClient.SqlException (0x80131904): A network-related or instance-specific error occurred while establishing a connection to SQL Server. The server was not found or was not accessible. Verify that the instance name is correct and that SQL Server is configured to allow remote connections. (provider: TCP Provider, error: 35 - An internal exception was caught)
2026-03-04T09:37:50.317981489Z [inf]         ---> System.ComponentModel.Win32Exception (258): The connection attempt timed out.
2026-03-04T09:37:50.317986820Z [inf]           at Microsoft.Data.SqlClient.ManagedSni.SniTcpHandle.Connect(String serverName, Int32 port, TimeoutTimer timeout, SqlConnectionIPAddressPreference ipPreference, String cachedFQDN, SQLDNSInfo& pendingDNSInfo)
2026-03-04T09:37:50.317991370Z [inf]           at Microsoft.Data.SqlClient.ManagedSni.SniTcpHandle..ctor(String serverName, Int32 port, TimeoutTimer timeout, Boolean parallel, SqlConnectionIPAddressPreference ipPreference, String cachedFQDN, SQLDNSInfo& pendingDNSInfo, Boolean tlsFirst, String hostNameInCertificate, String serverCertificateFilename)
2026-03-04T09:37:50.317996956Z [inf]           at Microsoft.Data.SqlClient.SqlInternalConnection.OnError(SqlException exception, Boolean breakConnection, Action`1 wrapCloseInAction)
2026-03-04T09:37:50.318001996Z [inf]           at Microsoft.Data.SqlClient.TdsParser.ThrowExceptionAndWarning(TdsParserStateObject stateObj, SqlCommand command, Boolean callerHasConnectionLock, Boolean asyncClose)
2026-03-04T09:37:50.318902015Z [inf]           at Microsoft.Data.SqlClient.TdsParser.Connect(ServerInfo serverInfo, SqlInternalConnectionTds connHandler, TimeoutTimer timeout, SqlConnectionString connectionOptions, Boolean withFailover)
2026-03-04T09:37:50.318909297Z [inf]           at Microsoft.Data.SqlClient.SqlInternalConnectionTds.AttemptOneLogin(ServerInfo serverInfo, String newPassword, SecureString newSecurePassword, TimeoutTimer timeout, Boolean withFailover)
2026-03-04T09:37:50.318914181Z [inf]           at Microsoft.Data.SqlClient.SqlInternalConnectionTds.LoginNoFailover(ServerInfo serverInfo, String newPassword, SecureString newSecurePassword, Boolean redirectedUserInstance, SqlConnectionString connectionOptions, SqlCredential credential, TimeoutTimer timeout)
2026-03-04T09:37:50.318919054Z [inf]           at Microsoft.Data.SqlClient.SqlInternalConnectionTds.OpenLoginEnlist(TimeoutTimer timeout, SqlConnectionString connectionOptions, SqlCredential credential, String newPassword, SecureString newSecurePassword, Boolean redirectedUserInstance)
2026-03-04T09:37:50.318923645Z [inf]           at Microsoft.Data.SqlClient.SqlInternalConnectionTds..ctor(DbConnectionPoolIdentity identity, SqlConnectionString connectionOptions, SqlCredential credential, Object providerInfo, String newPassword, SecureString newSecurePassword, Boolean redirectedUserInstance, SqlConnectionString userConnectionOptions, SessionData reconnectSessionData, Boolean applyTransientFaultHandling, String accessToken, IDbConnectionPool pool, Func`3 accessTokenCallback)
2026-03-04T09:37:50.318928066Z [inf]           at Microsoft.Data.SqlClient.SqlConnectionFactory.CreateConnection(DbConnectionOptions options, DbConnectionPoolKey poolKey, DbConnectionPoolGroupProviderInfo poolGroupProviderInfo, IDbConnectionPool pool, DbConnection owningConnection, DbConnectionOptions userOptions)
2026-03-04T09:37:50.318932716Z [inf]           at Microsoft.Data.ProviderBase.DbConnectionFactory.CreatePooledConnection(IDbConnectionPool pool, DbConnection owningObject, DbConnectionOptions options, DbConnectionPoolKey poolKey, DbConnectionOptions userOptions)
2026-03-04T09:37:50.319831565Z [inf]           at Microsoft.Data.SqlClient.ConnectionPool.WaitHandleDbConnectionPool.CreateObject(DbConnection owningObject, DbConnectionOptions userOptions, DbConnectionInternal oldConnection)
2026-03-04T09:37:50.319836952Z [inf]           at Microsoft.Data.SqlClient.ConnectionPool.WaitHandleDbConnectionPool.UserCreateRequest(DbConnection owningObject, DbConnectionOptions userOptions, DbConnectionInternal oldConnection)
2026-03-04T09:37:50.319841612Z [inf]           at Microsoft.Data.SqlClient.ConnectionPool.WaitHandleDbConnectionPool.TryGetConnection(DbConnection owningObject, UInt32 waitForMultipleObjectsTimeout, Boolean allowCreate, Boolean onlyOneCheckConnection, DbConnectionOptions userOptions, DbConnectionInternal& connection)
2026-03-04T09:37:50.319845731Z [inf]           at Microsoft.Data.SqlClient.ConnectionPool.WaitHandleDbConnectionPool.WaitForPendingOpen()
2026-03-04T09:37:50.319849649Z [inf]        --- End of stack trace from previous location ---
2026-03-04T09:37:50.319853581Z [inf]           at Microsoft.EntityFrameworkCore.Storage.RelationalConnection.OpenInternalAsync(Boolean errorsExpected, CancellationToken cancellationToken)
2026-03-04T09:37:50.319858125Z [inf]           at Microsoft.EntityFrameworkCore.Storage.RelationalConnection.OpenInternalAsync(Boolean errorsExpected, CancellationToken cancellationToken)
2026-03-04T09:37:50.319862545Z [inf]           at Microsoft.EntityFrameworkCore.Storage.RelationalConnection.OpenAsync(CancellationToken cancellationToken, Boolean errorsExpected)
2026-03-04T09:37:50.319867287Z [inf]           at Microsoft.EntityFrameworkCore.Storage.RelationalCommand.ExecuteReaderAsync(RelationalCommandParameterObject parameterObject, CancellationToken cancellationToken)
2026-03-04T09:37:50.319871906Z [inf]           at Microsoft.EntityFrameworkCore.Query.Internal.SingleQueryingEnumerable`1.AsyncEnumerator.InitializeReaderAsync(AsyncEnumerator enumerator, CancellationToken cancellationToken)
2026-03-04T09:37:50.320654730Z [inf]           at Microsoft.EntityFrameworkCore.SqlServer.Storage.Internal.SqlServerExecutionStrategy.ExecuteAsync[TState,TResult](TState state, Func`4 operation, Func`4 verifySucceeded, CancellationToken cancellationToken)
2026-03-04T09:37:50.320659312Z [inf]           at Microsoft.EntityFrameworkCore.Query.Internal.SingleQueryingEnumerable`1.AsyncEnumerator.MoveNextAsync()
2026-03-04T09:37:50.320664790Z [inf]        ClientConnectionId:00000000-0000-0000-0000-000000000000
2026-03-04T09:37:50.320669386Z [inf]        Error Number:258,State:0,Class:20
2026-03-04T09:37:50.320674104Z [inf]  fail: Microsoft.AspNetCore.Server.Kestrel[13]
2026-03-04T09:37:50.320678169Z [inf]        Connection id "0HNJPQ6JRD1HA", Request id "0HNJPQ6JRD1HA:00000002": An unhandled exception was thrown by the application.
2026-03-04T09:37:50.320682057Z [inf]        Microsoft.Data.SqlClient.SqlException (0x80131904): A network-related or instance-specific error occurred while establishing a connection to SQL Server. The server was not found or was not accessible. Verify that the instance name is correct and that SQL Server is configured to allow remote connections. (provider: TCP Provider, error: 35 - An internal exception was caught)
2026-03-04T09:37:50.320686603Z [inf]         ---> System.ComponentModel.Win32Exception (258): The connection attempt timed out.
2026-03-04T09:37:50.320690851Z [inf]           at Microsoft.Data.SqlClient.ManagedSni.SniTcpHandle.Connect(String serverName, Int32 port, TimeoutTimer timeout, SqlConnectionIPAddressPreference ipPreference, String cachedFQDN, SQLDNSInfo& pendingDNSInfo)
2026-03-04T09:37:50.320695139Z [inf]           at Microsoft.Data.SqlClient.ManagedSni.SniTcpHandle..ctor(String serverName, Int32 port, TimeoutTimer timeout, Boolean parallel, SqlConnectionIPAddressPreference ipPreference, String cachedFQDN, SQLDNSInfo& pendingDNSInfo, Boolean tlsFirst, String hostNameInCertificate, String serverCertificateFilename)
2026-03-04T09:37:50.321438037Z [inf]           at Microsoft.Data.SqlClient.SqlInternalConnection.OnError(SqlException exception, Boolean breakConnection, Action`1 wrapCloseInAction)
2026-03-04T09:37:50.321442724Z [inf]           at Microsoft.Data.SqlClient.TdsParser.ThrowExceptionAndWarning(TdsParserStateObject stateObj, SqlCommand command, Boolean callerHasConnectionLock, Boolean asyncClose)
2026-03-04T09:37:50.321446724Z [inf]           at Microsoft.Data.SqlClient.TdsParser.Connect(ServerInfo serverInfo, SqlInternalConnectionTds connHandler, TimeoutTimer timeout, SqlConnectionString connectionOptions, Boolean withFailover)
2026-03-04T09:37:50.321450658Z [inf]           at Microsoft.Data.SqlClient.SqlInternalConnectionTds.AttemptOneLogin(ServerInfo serverInfo, String newPassword, SecureString newSecurePassword, TimeoutTimer timeout, Boolean withFailover)
2026-03-04T09:37:50.321454682Z [inf]           at Microsoft.Data.SqlClient.SqlInternalConnectionTds.LoginNoFailover(ServerInfo serverInfo, String newPassword, SecureString newSecurePassword, Boolean redirectedUserInstance, SqlConnectionString connectionOptions, SqlCredential credential, TimeoutTimer timeout)
2026-03-04T09:37:50.321459498Z [inf]           at Microsoft.Data.SqlClient.SqlInternalConnectionTds.OpenLoginEnlist(TimeoutTimer timeout, SqlConnectionString connectionOptions, SqlCredential credential, String newPassword, SecureString newSecurePassword, Boolean redirectedUserInstance)
2026-03-04T09:37:50.321469433Z [inf]           at Microsoft.Data.SqlClient.SqlInternalConnectionTds..ctor(DbConnectionPoolIdentity identity, SqlConnectionString connectionOptions, SqlCredential credential, Object providerInfo, String newPassword, SecureString newSecurePassword, Boolean redirectedUserInstance, SqlConnectionString userConnectionOptions, SessionData reconnectSessionData, Boolean applyTransientFaultHandling, String accessToken, IDbConnectionPool pool, Func`3 accessTokenCallback)
2026-03-04T09:37:50.321474713Z [inf]           at Microsoft.Data.SqlClient.SqlConnectionFactory.CreateConnection(DbConnectionOptions options, DbConnectionPoolKey poolKey, DbConnectionPoolGroupProviderInfo poolGroupProviderInfo, IDbConnectionPool pool, DbConnection owningConnection, DbConnectionOptions userOptions)
2026-03-04T09:37:50.322507876Z [inf]           at Microsoft.Data.ProviderBase.DbConnectionFactory.CreatePooledConnection(IDbConnectionPool pool, DbConnection owningObject, DbConnectionOptions options, DbConnectionPoolKey poolKey, DbConnectionOptions userOptions)
2026-03-04T09:37:50.322513835Z [inf]           at Microsoft.Data.SqlClient.ConnectionPool.WaitHandleDbConnectionPool.CreateObject(DbConnection owningObject, DbConnectionOptions userOptions, DbConnectionInternal oldConnection)
2026-03-04T09:37:50.322520902Z [inf]           at Microsoft.Data.SqlClient.ConnectionPool.WaitHandleDbConnectionPool.UserCreateRequest(DbConnection owningObject, DbConnectionOptions userOptions, DbConnectionInternal oldConnection)
2026-03-04T09:37:50.322526119Z [inf]           at Microsoft.Data.SqlClient.ConnectionPool.WaitHandleDbConnectionPool.TryGetConnection(DbConnection owningObject, UInt32 waitForMultipleObjectsTimeout, Boolean allowCreate, Boolean onlyOneCheckConnection, DbConnectionOptions userOptions, DbConnectionInternal& connection)
2026-03-04T09:37:50.322529969Z [inf]           at Microsoft.Data.SqlClient.ConnectionPool.WaitHandleDbConnectionPool.WaitForPendingOpen()
2026-03-04T09:37:50.322533974Z [inf]        --- End of stack trace from previous location ---
2026-03-04T09:37:50.322537909Z [inf]           at Microsoft.EntityFrameworkCore.Storage.RelationalConnection.OpenInternalAsync(Boolean errorsExpected, CancellationToken cancellationToken)
2026-03-04T09:37:50.322542603Z [inf]           at Microsoft.EntityFrameworkCore.Storage.RelationalConnection.OpenInternalAsync(Boolean errorsExpected, CancellationToken cancellationToken)
2026-03-04T09:37:50.322547031Z [inf]           at Microsoft.EntityFrameworkCore.Storage.RelationalConnection.OpenAsync(CancellationToken cancellationToken, Boolean errorsExpected)
2026-03-04T09:37:50.322551315Z [inf]           at Microsoft.EntityFrameworkCore.Storage.RelationalCommand.ExecuteReaderAsync(RelationalCommandParameterObject parameterObject, CancellationToken cancellationToken)
2026-03-04T09:37:50.323164083Z [inf]           at Microsoft.EntityFrameworkCore.Query.Internal.SingleQueryingEnumerable`1.AsyncEnumerator.InitializeReaderAsync(AsyncEnumerator enumerator, CancellationToken cancellationToken)
2026-03-04T09:37:50.323170156Z [inf]           at Microsoft.EntityFrameworkCore.SqlServer.Storage.Internal.SqlServerExecutionStrategy.ExecuteAsync[TState,TResult](TState state, Func`4 operation, Func`4 verifySucceeded, CancellationToken cancellationToken)
2026-03-04T09:37:50.323174658Z [inf]           at Microsoft.EntityFrameworkCore.Query.Internal.SingleQueryingEnumerable`1.AsyncEnumerator.MoveNextAsync()
2026-03-04T09:37:50.323178520Z [inf]           at Microsoft.EntityFrameworkCore.Query.ShapedQueryCompilingExpressionVisitor.SingleOrDefaultAsync[TSource](IAsyncEnumerable`1 asyncEnumerable, CancellationToken cancellationToken)
2026-03-04T09:37:50.323182612Z [inf]           at Microsoft.EntityFrameworkCore.Query.ShapedQueryCompilingExpressionVisitor.SingleOrDefaultAsync[TSource](IAsyncEnumerable`1 asyncEnumerable, CancellationToken cancellationToken)
2026-03-04T09:37:50.323187025Z [inf]           at StockApi.Controllers.AuthController.Login(LoginRequest request) in /src/Controllers/AuthController.cs:line 29
2026-03-04T09:37:50.323192591Z [inf]           at Microsoft.AspNetCore.Mvc.Infrastructure.ActionMethodExecutor.TaskOfIActionResultExecutor.Execute(ActionContext actionContext, IActionResultTypeMapper mapper, ObjectMethodExecutor executor, Object controller, Object[] arguments)
2026-03-04T09:37:50.323196841Z [inf]           at Microsoft.AspNetCore.Mvc.Infrastructure.ControllerActionInvoker.<InvokeActionMethodAsync>g__Awaited|12_0(ControllerActionInvoker invoker, ValueTask`1 actionResultValueTask)
2026-03-04T09:37:50.323200843Z [inf]           at Microsoft.AspNetCore.Mvc.Infrastructure.ControllerActionInvoker.<InvokeNextActionFilterAsync>g__Awaited|10_0(ControllerActionInvoker invoker, Task lastTask, State next, Scope scope, Object state, Boolean isCompleted)
2026-03-04T09:37:50.324156413Z [inf]           at Microsoft.AspNetCore.Mvc.Infrastructure.ControllerActionInvoker.Rethrow(ActionExecutedContextSealed context)
2026-03-04T09:37:50.324163533Z [inf]           at Microsoft.AspNetCore.Mvc.Infrastructure.ControllerActionInvoker.Next(State& next, Scope& scope, Object& state, Boolean& isCompleted)
2026-03-04T09:37:50.324168012Z [inf]           at Microsoft.AspNetCore.Mvc.Infrastructure.ControllerActionInvoker.<InvokeInnerFilterAsync>g__Awaited|13_0(ControllerActionInvoker invoker, Task lastTask, State next, Scope scope, Object state, Boolean isCompleted)
2026-03-04T09:37:50.324172033Z [inf]           at Microsoft.AspNetCore.Mvc.Infrastructure.ResourceInvoker.<InvokeFilterPipelineAsync>g__Awaited|20_0(ResourceInvoker invoker, Task lastTask, State next, Scope scope, Object state, Boolean isCompleted)
2026-03-04T09:37:50.324177411Z [inf]           at Microsoft.AspNetCore.Mvc.Infrastructure.ResourceInvoker.<InvokeAsync>g__Awaited|17_0(ResourceInvoker invoker, Task task, IDisposable scope)
2026-03-04T09:37:50.324182149Z [inf]           at Microsoft.AspNetCore.Mvc.Infrastructure.ResourceInvoker.<InvokeAsync>g__Awaited|17_0(ResourceInvoker invoker, Task task, IDisposable scope)
2026-03-04T09:37:50.324186286Z [inf]           at Microsoft.AspNetCore.Authorization.AuthorizationMiddleware.Invoke(HttpContext context)
2026-03-04T09:37:50.324190748Z [inf]           at Microsoft.AspNetCore.Authentication.AuthenticationMiddleware.Invoke(HttpContext context)
2026-03-04T09:37:50.324194751Z [inf]           at Microsoft.AspNetCore.Server.Kestrel.Core.Internal.Http.HttpProtocol.ProcessRequests[TContext](IHttpApplication`1 application)
2026-03-04T09:37:50.324199253Z [inf]        ClientConnectionId:00000000-0000-0000-0000-000000000000
2026-03-04T09:37:50.324203136Z [inf]        Error Number:258,State:0,Class:20